0 info it worked if it ends with ok
1 verbose cli [ '/usr/local/Cellar/node/4.2.1/bin/node',
1 verbose cli   '/usr/local/bin/npm',
1 verbose cli   'start' ]
2 info using npm@3.10.7
3 info using node@v4.2.1
4 verbose run-script [ 'prestart', 'start', 'poststart' ]
5 info lifecycle react-skeleton@1.0.0~prestart: react-skeleton@1.0.0
6 silly lifecycle react-skeleton@1.0.0~prestart: no script for prestart, continuing
7 info lifecycle react-skeleton@1.0.0~start: react-skeleton@1.0.0
8 verbose lifecycle react-skeleton@1.0.0~start: unsafe-perm in lifecycle true
9 verbose lifecycle react-skeleton@1.0.0~start: PATH: /usr/local/lib/node_modules/npm/bin/node-gyp-bin:/Users/villematti/react-tutorials/react-skeleton/node_modules/.bin:/usr/local/Cellar/node/4.2.1/bin://anaconda/bin:/usr/local/bin:/usr/bin:/bin:/usr/sbin:/sbin
10 verbose lifecycle react-skeleton@1.0.0~start: CWD: /Users/villematti/react-tutorials/react-skeleton
11 silly lifecycle react-skeleton@1.0.0~start: Args: [ '-c',
11 silly lifecycle   'babelify src/main.jsx -v -t --presets [ react ] -o public/js/main.js' ]
12 info lifecycle react-skeleton@1.0.0~start: Failed to exec start script
13 verbose stack Error: react-skeleton@1.0.0 start: `babelify src/main.jsx -v -t --presets [ react ] -o public/js/main.js`
13 verbose stack spawn ENOENT
13 verbose stack     at ChildProcess.<anonymous> (/usr/local/lib/node_modules/npm/lib/utils/spawn.js:33:16)
13 verbose stack     at emitTwo (events.js:87:13)
13 verbose stack     at ChildProcess.emit (events.js:172:7)
13 verbose stack     at maybeClose (internal/child_process.js:818:16)
13 verbose stack     at Process.ChildProcess._handle.onexit (internal/child_process.js:211:5)
14 verbose pkgid react-skeleton@1.0.0
15 verbose cwd /Users/villematti/react-tutorials/react-skeleton
16 error Darwin 15.6.0
17 error argv "/usr/local/Cellar/node/4.2.1/bin/node" "/usr/local/bin/npm" "start"
18 error node v4.2.1
19 error npm  v3.10.7
20 error file sh
21 error code ELIFECYCLE
22 error errno ENOENT
23 error syscall spawn
24 error react-skeleton@1.0.0 start: `babelify src/main.jsx -v -t --presets [ react ] -o public/js/main.js`
24 error spawn ENOENT
25 error Failed at the react-skeleton@1.0.0 start script 'babelify src/main.jsx -v -t --presets [ react ] -o public/js/main.js'.
25 error Make sure you have the latest version of node.js and npm installed.
25 error If you do, this is most likely a problem with the react-skeleton package,
25 error not with npm itself.
25 error Tell the author that this fails on your system:
25 error     babelify src/main.jsx -v -t --presets [ react ] -o public/js/main.js
25 error You can get information on how to open an issue for this project with:
25 error     npm bugs react-skeleton
25 error Or if that isn't available, you can get their info via:
25 error     npm owner ls react-skeleton
25 error There is likely additional logging output above.
26 verbose exit [ 1, true ]
